\BOOKMARK [0][-]{chapter*.3}{\376\377\000P\000r\000e\000l\000i\000m\000i\000n\000a\000r\000i\000e\000s}{}% 1
\BOOKMARK [1][-]{section.0.1}{\376\377\000B\000a\000s\000i\000c\000s}{chapter*.3}% 2
\BOOKMARK [1][-]{section.0.2}{\376\377\000P\000r\000o\000p\000e\000r\000t\000i\000e\000s\000\040\000o\000f\000\040\000t\000h\000e\000\040\000I\000n\000t\000e\000g\000e\000r\000s}{chapter*.3}% 3
\BOOKMARK [1][-]{section.0.3}{\376\377\000T\000h\000e\000\040\000I\000n\000t\000e\000g\000e\000r\000s\000\040\000M\000o\000d\000u\000l\000o\000\040\000n}{chapter*.3}% 4
\BOOKMARK [-1][-]{part.1}{\376\377\000I\000\040\000G\000R\000O\000U\000P\000\040\000T\000H\000E\000O\000R\000Y}{}% 5
\BOOKMARK [0][-]{chapter.1}{\376\377\000I\000n\000t\000r\000o\000d\000u\000c\000t\000i\000o\000n\000\040\000t\000o\000\040\000G\000r\000o\000u\000p\000s}{part.1}% 6
\BOOKMARK [1][-]{section.1.1}{\376\377\000B\000a\000s\000i\000c\000\040\000A\000x\000i\000o\000m\000s\000\040\000a\000n\000d\000\040\000E\000x\000a\000m\000p\000l\000e\000s}{chapter.1}% 7
\BOOKMARK [0][-]{chapter.2}{\376\377\000S\000u\000b\000g\000r\000o\000u\000p\000s}{part.1}% 8
\BOOKMARK [1][-]{section.2.1}{\376\377\000D\000e\000f\000i\000n\000i\000t\000i\000o\000n\000\040\000a\000n\000d\000\040\000E\000x\000a\000m\000p\000l\000e\000s}{chapter.2}% 9
\BOOKMARK [1][-]{section.2.2}{\376\377\000C\000e\000n\000t\000r\000a\000l\000i\000z\000e\000r\000s\000\040\000a\000n\000d\000\040\000N\000o\000r\000m\000a\000l\000i\000z\000e\000r\000s\000,\000\040\000S\000t\000a\000b\000i\000l\000i\000z\000e\000r\000s\000\040\000a\000n\000d\000\040\000K\000e\000r\000n\000e\000l\000s}{chapter.2}% 10
\BOOKMARK [1][-]{section.2.3}{\376\377\000C\000y\000c\000l\000i\000c\000\040\000G\000r\000o\000u\000p\000s\000\040\000a\000n\000d\000\040\000C\000y\000c\000l\000i\000c\000\040\000S\000u\000b\000g\000r\000o\000u\000p\000s}{chapter.2}% 11
\BOOKMARK [1][-]{section.2.4}{\376\377\000S\000u\000b\000g\000r\000o\000u\000p\000s\000\040\000G\000e\000n\000e\000r\000a\000t\000e\000d\000\040\000b\000y\000\040\000a\000\040\000S\000u\000b\000s\000e\000t\000\040\000o\000f\000\040\000a\000\040\000G\000r\000o\000u\000p}{chapter.2}% 12
\BOOKMARK [1][-]{section.2.5}{\376\377\000T\000h\000e\000\040\000L\000a\000t\000t\000i\000c\000e\000\040\000o\000f\000\040\000S\000u\000b\000g\000r\000o\000u\000p\000s\000\040\000o\000f\000\040\000a\000\040\000G\000r\000o\000u\000p}{chapter.2}% 13
\BOOKMARK [0][-]{chapter.3}{\376\377\000Q\000u\000o\000t\000i\000e\000n\000t\000\040\000G\000r\000o\000u\000p\000s\000\040\000a\000n\000d\000\040\000H\000o\000m\000o\000m\000o\000r\000p\000h\000i\000s\000m\000s}{part.1}% 14
\BOOKMARK [1][-]{section.3.1}{\376\377\000D\000e\000f\000i\000n\000i\000t\000i\000o\000n\000s\000\040\000a\000n\000d\000\040\000E\000x\000a\000m\000p\000l\000e\000s}{chapter.3}% 15
\BOOKMARK [1][-]{section.3.2}{\376\377\000M\000o\000r\000e\000\040\000o\000n\000\040\000C\000o\000s\000e\000t\000s\000\040\000a\000n\000d\000\040\000L\000a\000g\000r\000a\000n\000g\000e\000'\000s\000\040\000T\000h\000e\000o\000r\000e\000m}{chapter.3}% 16
\BOOKMARK [-1][-]{part.2}{\376\377\000I\000I\000\040\000R\000I\000N\000G\000\040\000T\000H\000E\000O\000R\000Y}{}% 17
\BOOKMARK [0][-]{chapter.4}{\376\377\000I\000n\000t\000r\000o\000d\000u\000c\000t\000i\000o\000n\000\040\000t\000o\000\040\000R\000i\000n\000g\000s}{part.2}% 18
\BOOKMARK [0][-]{appendix.A}{\376\377\000C\000a\000r\000t\000e\000s\000i\000a\000n\000\040\000P\000r\000o\000d\000u\000c\000t\000s\000\040\000a\000n\000d\000\040\000Z\000o\000r\000n\000'\000s\000\040\000L\000e\000m\000m\000a}{part.2}% 19
\BOOKMARK [1][-]{section.A.1}{\376\377\000C\000a\000r\000t\000e\000s\000i\000a\000n\000\040\000P\000r\000o\000d\000u\000c\000t\000s}{appendix.A}% 20
\BOOKMARK [1][-]{section.A.2}{\376\377\000P\000a\000r\000t\000i\000a\000l\000l\000y\000\040\000O\000r\000d\000e\000r\000e\000d\000\040\000S\000e\000t\000s\000\040\000a\000n\000d\000\040\000Z\000o\000r\000n\000'\000s\000\040\000L\000e\000m\000m\000a}{appendix.A}% 21
